<?xml version="1.0" encoding="UTF-8"?>
<!-- Generated by org.testng.reporters.JUnitXMLReporter -->
<testsuite hostname="DESKTOP-MKNL9V6" name="Default test" tests="4" failures="0" timestamp="20 Feb 2018 10:55:16 GMT" time="75.664" errors="0">
  <testcase name="push" time="0.004" classname="com.audience.pushcontent.PushContent">
    <skipped/>
  </testcase> <!-- push -->
  <testcase name="definecampaign" time="25.208" classname="com.audience.pushcontent.PushContent"/>
  <testcase name="campaignOptions" time="15.823" classname="com.audience.pushcontent.PushContent"/>
  <testcase name="pushOptions" time="0.0" classname="com.audience.pushcontent.PushContent">
    <skipped/>
  </testcase> <!-- pushOptions -->
</testsuite> <!-- Default test -->
