<?xml version="1.0" encoding="UTF-8"?>
<!-- Generated by org.testng.reporters.JUnitXMLReporter -->
<testsuite hostname="DESKTOP-MKNL9V6" name="Simple Test" tests="6" failures="1" timestamp="20 Feb 2018 16:20:48 GMT" time="54.421" errors="0">
  <testcase name="definecampaign" time="25.81" classname="com.audience.campaign.DefineCampaign"/>
  <testcase name="campaignOptions" time="16.008" classname="com.audience.campaign.DefineCampaign"/>
  <testcase name="definecampaign" time="0.002" classname="com.audience.pushcontent.PushContent">
    <failure type="java.lang.NullPointerException">
      <![CDATA[java.lang.NullPointerException
	at com.audience.campaign.DefineCampaign.definecampaign(DefineCampaign.java:16)
... Removed 24 stack frames]]>
    </failure>
  </testcase> <!-- definecampaign -->
  <testcase name="push" time="0.004" classname="com.audience.pushcontent.PushContent">
    <skipped/>
  </testcase> <!-- push -->
  <testcase name="campaignOptions" time="0.0" classname="com.audience.pushcontent.PushContent">
    <skipped/>
  </testcase> <!-- campaignOptions -->
  <testcase name="pushOptions" time="0.0" classname="com.audience.pushcontent.PushContent">
    <skipped/>
  </testcase> <!-- pushOptions -->
</testsuite> <!-- Simple Test -->
